Main Function with logger : Logger(dir=output/search-shape/cifar10-ResNet56-CIFARX-Gumbel_0.1_5-0.47, use-tf=False, writer=None)
Arguments : -------------------------------
FLOP_ratio       : 0.47
FLOP_tolerant    : 0.05
FLOP_weight      : 2.0
ablation_num_select : None
batch_size       : 256
cutout_length    : -1
data_path        : /data//cifar.python
dataset          : cifar10
eval_frequency   : 1
gumbel_tau_max   : 5.0
gumbel_tau_min   : 0.1
model_config     : ./configs/archs/CIFAR-ResNet56.config
optim_config     : ./configs/search-opts/CIFARX.config
print_freq       : 100
print_freq_eval  : 200
procedure        : search-v2
rand_seed        : 1
resume           : None
save_dir         : ./output/search-shape/cifar10-ResNet56-CIFARX-Gumbel_0.1_5-0.47
split_path       : ./.latent-data/splits/cifar10-0.5.pth
workers          : 6
Python  Version  : 3.7.4 (default, Aug 13 2019, 20:35:49)  [GCC 7.3.0]
Pillow  Version  : 6.2.0
PyTorch Version  : 1.3.1
cuDNN   Version  : 7603
CUDA available   : True
CUDA GPU numbers : 3
CUDA_VISIBLE_DEVICES : 0,1,2
./configs/archs/CIFAR-ResNet56.config
Configure(dataset='cifar', arch='resnet', depth=56, module='ResNetBasicblock', super_type='basic', zero_init_residual=False, class_num=10, search_mode='shape')
./configs/search-opts/CIFARX.config
Configure(scheduler='cos', eta_min=0.0, epochs=600, warmup=0, optim='SGD', LR=0.1, decay=0.0005, momentum=0.9, nesterov=True, criterion='Softmax', arch_LR=0.001, arch_decay=0.001, class_num=10, FLOP=125.74785)
Model Information : SearchShapeCifarResNet : Depth : 56 , Layers for each block : 9
stage=0 ::: depth-block-choices=[1, 3, 5, 7, 9] for 9 blocks.
stage=0, ilayer=00/09, block=001, iC= 16, oC= 16, stride=1
stage=0, ilayer=01/09, block=002, iC= 16, oC= 16, stride=1
stage=0, ilayer=02/09, block=003, iC= 16, oC= 16, stride=1
stage=0, ilayer=03/09, block=004, iC= 16, oC= 16, stride=1
stage=0, ilayer=04/09, block=005, iC= 16, oC= 16, stride=1
stage=0, ilayer=05/09, block=006, iC= 16, oC= 16, stride=1
stage=0, ilayer=06/09, block=007, iC= 16, oC= 16, stride=1
stage=0, ilayer=07/09, block=008, iC= 16, oC= 16, stride=1
stage=0, ilayer=08/09, block=009, iC= 16, oC= 16, stride=1
stage=1 ::: depth-block-choices=[1, 3, 5, 7, 9] for 9 blocks.
stage=1, ilayer=00/09, block=010, iC= 16, oC= 32, stride=2
stage=1, ilayer=01/09, block=011, iC= 32, oC= 32, stride=1
stage=1, ilayer=02/09, block=012, iC= 32, oC= 32, stride=1
stage=1, ilayer=03/09, block=013, iC= 32, oC= 32, stride=1
stage=1, ilayer=04/09, block=014, iC= 32, oC= 32, stride=1
stage=1, ilayer=05/09, block=015, iC= 32, oC= 32, stride=1
stage=1, ilayer=06/09, block=016, iC= 32, oC= 32, stride=1
stage=1, ilayer=07/09, block=017, iC= 32, oC= 32, stride=1
stage=1, ilayer=08/09, block=018, iC= 32, oC= 32, stride=1
stage=2 ::: depth-block-choices=[1, 3, 5, 7, 9] for 9 blocks.
stage=2, ilayer=00/09, block=019, iC= 32, oC= 64, stride=2
stage=2, ilayer=01/09, block=020, iC= 64, oC= 64, stride=1
stage=2, ilayer=02/09, block=021, iC= 64, oC= 64, stride=1
stage=2, ilayer=03/09, block=022, iC= 64, oC= 64, stride=1
stage=2, ilayer=04/09, block=023, iC= 64, oC= 64, stride=1
stage=2, ilayer=05/09, block=024, iC= 64, oC= 64, stride=1
stage=2, ilayer=06/09, block=025, iC= 64, oC= 64, stride=1
stage=2, ilayer=07/09, block=026, iC= 64, oC= 64, stride=1
stage=2, ilayer=08/09, block=027, iC= 64, oC= 64, stride=1
MAX_FLOP = 125.74785 M
Params   = 0.873743 M
train_data : Dataset CIFAR10
    Number of datapoints: 50000
    Root location: /data//cifar.python
    Split: Train
    StandardTransform
Transform: Compose(
               RandomHorizontalFlip(p=0.5)
               RandomCrop(size=(32, 32), padding=4)
               ToTensor()
               Normalize(mean=[0.4913725490196078, 0.4823529411764706, 0.4466666666666667], std=[0.24705882352941178, 0.24352941176470588, 0.2615686274509804])
           )
search-data: SearchDataset(name=cifar10, train=25000, valid=25000, version=V1)
search_train_loader : 25000 samples
search_valid_loader : 25000 samples
base-optimizer : SGD (
Parameter Group 0
    dampening: 0
    initial_lr: 0.1
    lr: 0.1
    momentum: 0.9
    nesterov: True
    weight_decay: 0.0005
)
arch-optimizer : Adam (
Parameter Group 0
    amsgrad: False
    betas: (0.5, 0.999)
    eps: 1e-08
    lr: 0.001
    weight_decay: 0.001

Parameter Group 1
    amsgrad: False
    betas: (0.5, 0.999)
    eps: 1e-08
    lr: 0.001
    weight_decay: 0.001
)
scheduler      : CosineAnnealingLR(warmup=0, max-epoch=600, current::epoch=0, iter=0.00, type=cosine, T-max=600, eta-min=0.0)
criterion      : CrossEntropyLoss()
=> do not find the last-info file : output/search-shape/cifar10-ResNet56-CIFARX-Gumbel_0.1_5-0.47/seed-1-last-info.pth or resume : None

***[2020-01-31 08:20:09]*** start epoch=000/600 Time Left: [00:00:00], LR=[0.100000 ~ 0.100000], scheduler=CosineAnnealingLR(warmup=0, max-epoch=600, current::epoch=0, iter=0.00, type=cosine, T-max=600, eta-min=0.0), tau=5.0, FLOP=125.75
[Search] : epoch=000/600, FLOP-Require=59.10 MB, FLOP-WEIGHT=2.00
**TRAIN** [2020-01-31 08:20:16] [epoch=000/600][000/098] Time 7.11 (7.11) Data 0.37 (0.37) Base-Loss 2.303 (2.303)  Prec@1 7.03 (7.03) Prec@5 49.61 (49.61) Acls-loss 2.301 (2.301) FLOP-Loss -3.332 (-3.332) Arch-Loss -4.364 (-4.364)
