Main Function with logger : Logger(dir=output/search-shape/cifar10-ResNet20-CIFARX-Gumbel_0.1_5-0.47, use-tf=False, writer=None)
Arguments : -------------------------------
FLOP_ratio       : 0.47
FLOP_tolerant    : 0.05
FLOP_weight      : 2.0
ablation_num_select : None
batch_size       : 256
cutout_length    : -1
data_path        : /data//cifar.python
dataset          : cifar10
eval_frequency   : 1
gumbel_tau_max   : 5.0
gumbel_tau_min   : 0.1
model_config     : ./configs/archs/CIFAR-ResNet20.config
optim_config     : ./configs/search-opts/CIFARX.config
print_freq       : 100
print_freq_eval  : 200
procedure        : search-v2
rand_seed        : 73817
resume           : None
save_dir         : ./output/search-shape/cifar10-ResNet20-CIFARX-Gumbel_0.1_5-0.47
split_path       : ./.latent-data/splits/cifar10-0.5.pth
workers          : 6
Python  Version  : 3.7.4 (default, Aug 13 2019, 20:35:49)  [GCC 7.3.0]
Pillow  Version  : 6.2.0
PyTorch Version  : 1.3.1
cuDNN   Version  : 7603
CUDA available   : True
CUDA GPU numbers : 3
CUDA_VISIBLE_DEVICES : None
