Main Function with logger : Logger(dir=output/search-shape/cifar100-ResNet56-CIFARX-Gumbel_0.1_5-0.47/seed-53-KDT, use-tf=False, writer=None)
Arguments : -------------------------------
KD_alpha         : 0.9
KD_checkpoint    : ./.latent-data/basemodels/cifar100/ResNet56.pth
KD_temperature   : 4.0
batch_size       : 256
cutout_length    : -1
data_path        : /data//cifar.python
dataset          : cifar100
eval_frequency   : 1
init_model       : None
model_config     : ./output/search-shape/cifar100-ResNet56-CIFARX-Gumbel_0.1_5-0.47/seed-53-last.config
optim_config     : ./configs/opts/CIFAR-E300-W5-L1-COS.config
print_freq       : 100
print_freq_eval  : 200
procedure        : Simple-KD
rand_seed        : 53
resume           : None
save_dir         : ./output/search-shape/cifar100-ResNet56-CIFARX-Gumbel_0.1_5-0.47/seed-53-KDT
workers          : 6
Python  Version  : 3.7.4 (default, Aug 13 2019, 20:35:49)  [GCC 7.3.0]
Pillow  Version  : 6.2.0
PyTorch Version  : 1.3.1
cuDNN   Version  : 7603
CUDA available   : True
CUDA GPU numbers : 3
CUDA_VISIBLE_DEVICES : None
./output/search-shape/cifar100-ResNet56-CIFARX-Gumbel_0.1_5-0.47/seed-53-last.config
Configure(dataset='cifar', arch='resnet', depth=56, module='ResNetBasicblock', super_type='infer-shape', zero_init_residual=False, class_num=100, search_mode='shape', xchannels=[3, 14, 11, 16, 11, 16, 11, 11, 11, 16, 11, 12, 16, 12, 4, 16, 11, 11, 11, 8, 25, 32, 28, 25, 28, 28, 25, 22, 28, 22, 22, 22, 19, 25, 32, 28, 22, 32, 64, 57, 44, 51, 64, 57, 64, 57, 44, 44, 51, 57, 44, 64, 51, 44, 44, 44], xblocks=[9, 7, 5], estimated_FLOP=63.042992)
./configs/opts/CIFAR-E300-W5-L1-COS.config
Configure(scheduler='cos', eta_min=0.0, epochs=300, warmup=5, optim='SGD', LR=0.1, decay=0.0005, momentum=0.9, nesterov=True, criterion='Softmax', auxiliary=-1.0, class_num=100, KD_alpha=0.9, KD_temperature=4.0)
